{"level":"INFO","message":"[7:22:03.347 PM]: Creating new connection object"}
{"level":"INFO","message":"[7:22:03.354 PM]: Creating Connection[id: 195282d8-eacc-4cca-b008-21f6c1167e9b] with host: TFLNRNC-FXB95084.snowflakecomputing.com, account: TFLNRNC-FXB95084, accessUrl: https://TFLNRNC-FXB95084.snowflakecomputing.com, user: SINAVAGHEFI, role: ACCOUNTADMIN, database: SUHANI_OCPP, schema: PUBLIC, warehouse: COMPUTE_WH, proxy was not configured, password is provided, region: undefined, authenticator: SNOWFLAKE, ocsp mode: FAIL_OPEN, os: darwin, os version: 25.0.0"}
{"level":"INFO","message":"[7:22:03.355 PM]: Connection[id: 195282d8-eacc-4cca-b008-21f6c1167e9b] additional details: passcode in password is provided, passcode is not provided, private key is not provided, application: undefined, client name: snowflake-sdk, client version: 2.3.1, retry timeout: 300, private key path: undefined, private key pass is not provided, client store temporary credential: false, browser response timeout: 120000"}
{"level":"INFO","message":"[7:22:03.355 PM]: Connection[id: 195282d8-eacc-4cca-b008-21f6c1167e9b] - connection object created successfully."}
{"level":"INFO","message":"[7:22:03.356 PM]: Connection[id: 195282d8-eacc-4cca-b008-21f6c1167e9b] - connecting. Associated Snowflake domain: GLOBAL"}
{"level":"INFO","message":"[7:22:03.356 PM]: Connection[id: 195282d8-eacc-4cca-b008-21f6c1167e9b] - authentication successful using: SNOWFLAKE"}
{"level":"INFO","message":"[7:22:03.356 PM]: Trying to initialize Easy Logging"}
{"level":"INFO","message":"[7:22:03.357 PM]: No client config detected."}
{"level":"INFO","message":"[7:22:03.358 PM]: No config file path found. Client config will not be used."}
{"level":"INFO","message":"[7:22:03.358 PM]: Easy Logging is disabled as no config has been found"}
{"level":"INFO","message":"[7:22:03.361 PM]: Connection[id: 195282d8-eacc-4cca-b008-21f6c1167e9b] - connected successfully after 5 milliseconds"}
{"level":"INFO","message":"[7:22:20.942 PM]: Creating new connection object"}
{"level":"INFO","message":"[7:22:20.949 PM]: Creating Connection[id: 41a7eeb8-0d61-4bb9-ad28-012640f4f956] with host: TFLNRNC-FXB95084.snowflakecomputing.com, account: TFLNRNC-FXB95084, accessUrl: https://TFLNRNC-FXB95084.snowflakecomputing.com, user: SINAVAGHEFI, role: ACCOUNTADMIN, database: SUHANI_OCPP, schema: PUBLIC, warehouse: COMPUTE_WH, proxy was not configured, password is provided, region: undefined, authenticator: SNOWFLAKE, ocsp mode: FAIL_OPEN, os: darwin, os version: 25.0.0"}
{"level":"INFO","message":"[7:22:20.949 PM]: Connection[id: 41a7eeb8-0d61-4bb9-ad28-012640f4f956] additional details: passcode in password is provided, passcode is not provided, private key is not provided, application: undefined, client name: snowflake-sdk, client version: 2.3.1, retry timeout: 300, private key path: undefined, private key pass is not provided, client store temporary credential: false, browser response timeout: 120000"}
{"level":"INFO","message":"[7:22:20.949 PM]: Connection[id: 41a7eeb8-0d61-4bb9-ad28-012640f4f956] - connection object created successfully."}
{"level":"INFO","message":"[7:22:20.950 PM]: Connection[id: 41a7eeb8-0d61-4bb9-ad28-012640f4f956] - connecting. Associated Snowflake domain: GLOBAL"}
{"level":"INFO","message":"[7:22:20.950 PM]: Connection[id: 41a7eeb8-0d61-4bb9-ad28-012640f4f956] - authentication successful using: SNOWFLAKE"}
{"level":"INFO","message":"[7:22:20.950 PM]: Trying to initialize Easy Logging"}
{"level":"INFO","message":"[7:22:20.952 PM]: No client config detected."}
{"level":"INFO","message":"[7:22:20.952 PM]: No config file path found. Client config will not be used."}
{"level":"INFO","message":"[7:22:20.953 PM]: Easy Logging is disabled as no config has been found"}
{"level":"INFO","message":"[7:22:20.955 PM]: Connection[id: 41a7eeb8-0d61-4bb9-ad28-012640f4f956] - connected successfully after 4.84 milliseconds"}
{"level":"INFO","message":"[7:22:20.970 PM]: Creating new connection object"}
{"level":"INFO","message":"[7:22:20.970 PM]: Creating Connection[id: 17b9ecdc-1a6a-48ae-b7aa-098176b6a742] with host: TFLNRNC-FXB95084.snowflakecomputing.com, account: TFLNRNC-FXB95084, accessUrl: https://TFLNRNC-FXB95084.snowflakecomputing.com, user: SINAVAGHEFI, role: ACCOUNTADMIN, database: SUHANI_OCPP, schema: PUBLIC, warehouse: COMPUTE_WH, proxy was not configured, password is provided, region: undefined, authenticator: SNOWFLAKE, ocsp mode: FAIL_OPEN, os: darwin, os version: 25.0.0"}
{"level":"INFO","message":"[7:22:20.971 PM]: Connection[id: 17b9ecdc-1a6a-48ae-b7aa-098176b6a742] additional details: passcode in password is provided, passcode is not provided, private key is not provided, application: undefined, client name: snowflake-sdk, client version: 2.3.1, retry timeout: 300, private key path: undefined, private key pass is not provided, client store temporary credential: false, browser response timeout: 120000"}
{"level":"INFO","message":"[7:22:20.971 PM]: Connection[id: 17b9ecdc-1a6a-48ae-b7aa-098176b6a742] - connection object created successfully."}
{"level":"INFO","message":"[7:22:20.971 PM]: Connection[id: 17b9ecdc-1a6a-48ae-b7aa-098176b6a742] - connecting. Associated Snowflake domain: GLOBAL"}
{"level":"INFO","message":"[7:22:20.971 PM]: Connection[id: 17b9ecdc-1a6a-48ae-b7aa-098176b6a742] - authentication successful using: SNOWFLAKE"}
{"level":"INFO","message":"[7:22:20.972 PM]: Connection[id: 17b9ecdc-1a6a-48ae-b7aa-098176b6a742] - connected successfully after 0.69 milliseconds"}
{"level":"INFO","message":"[11:14:06.116 AM]: Creating new connection object"}
{"level":"INFO","message":"[11:14:06.137 AM]: Creating Connection[id: e454d2d7-5772-4c9a-bae5-0e1a866099cb] with host: TFLNRNC-FXB95084.snowflakecomputing.com, account: TFLNRNC-FXB95084, accessUrl: https://TFLNRNC-FXB95084.snowflakecomputing.com, user: SINAVAGHEFI, role: ACCOUNTADMIN, database: SUHANI_OCPP, schema: PUBLIC, warehouse: COMPUTE_WH, proxy was not configured, password is provided, region: undefined, authenticator: SNOWFLAKE, ocsp mode: FAIL_OPEN, os: darwin, os version: 25.0.0"}
{"level":"INFO","message":"[11:14:06.137 AM]: Connection[id: e454d2d7-5772-4c9a-bae5-0e1a866099cb] additional details: passcode in password is provided, passcode is not provided, private key is not provided, application: undefined, client name: snowflake-sdk, client version: 2.3.1, retry timeout: 300, private key path: undefined, private key pass is not provided, client store temporary credential: false, browser response timeout: 120000"}
{"level":"INFO","message":"[11:14:06.138 AM]: Connection[id: e454d2d7-5772-4c9a-bae5-0e1a866099cb] - connection object created successfully."}
{"level":"INFO","message":"[11:14:06.138 AM]: Connection[id: e454d2d7-5772-4c9a-bae5-0e1a866099cb] - connecting. Associated Snowflake domain: GLOBAL"}
{"level":"INFO","message":"[11:14:06.138 AM]: Connection[id: e454d2d7-5772-4c9a-bae5-0e1a866099cb] - authentication successful using: SNOWFLAKE"}
{"level":"INFO","message":"[11:14:06.139 AM]: Trying to initialize Easy Logging"}
{"level":"INFO","message":"[11:14:06.146 AM]: No client config detected."}
{"level":"INFO","message":"[11:14:06.146 AM]: No config file path found. Client config will not be used."}
{"level":"INFO","message":"[11:14:06.147 AM]: Easy Logging is disabled as no config has been found"}
{"level":"INFO","message":"[11:14:06.150 AM]: Connection[id: e454d2d7-5772-4c9a-bae5-0e1a866099cb] - connected successfully after 11.67 milliseconds"}
{"level":"INFO","message":"[11:47:40.571 AM]: Creating new connection object"}
{"level":"INFO","message":"[11:47:40.575 AM]: Creating Connection[id: 30940abc-23c4-4f60-ad41-a4d64975c836] with host: TFLNRNC-FXB95084.snowflakecomputing.com, account: TFLNRNC-FXB95084, accessUrl: https://TFLNRNC-FXB95084.snowflakecomputing.com, user: SINAVAGHEFI, role: ACCOUNTADMIN, database: SUHANI_OCPP, schema: PUBLIC, warehouse: COMPUTE_WH, proxy was not configured, password is provided, region: undefined, authenticator: SNOWFLAKE, ocsp mode: FAIL_OPEN, os: darwin, os version: 25.0.0"}
{"level":"INFO","message":"[11:47:40.575 AM]: Connection[id: 30940abc-23c4-4f60-ad41-a4d64975c836] additional details: passcode in password is provided, passcode is not provided, private key is not provided, application: undefined, client name: snowflake-sdk, client version: 2.3.1, retry timeout: 300, private key path: undefined, private key pass is not provided, client store temporary credential: false, browser response timeout: 120000"}
{"level":"INFO","message":"[11:47:40.575 AM]: Connection[id: 30940abc-23c4-4f60-ad41-a4d64975c836] - connection object created successfully."}
{"level":"INFO","message":"[11:47:40.576 AM]: Connection[id: 30940abc-23c4-4f60-ad41-a4d64975c836] - connecting. Associated Snowflake domain: GLOBAL"}
{"level":"INFO","message":"[11:47:40.576 AM]: Connection[id: 30940abc-23c4-4f60-ad41-a4d64975c836] - authentication successful using: SNOWFLAKE"}
{"level":"INFO","message":"[11:47:40.576 AM]: Trying to initialize Easy Logging"}
{"level":"INFO","message":"[11:47:40.577 AM]: No client config detected."}
{"level":"INFO","message":"[11:47:40.577 AM]: No config file path found. Client config will not be used."}
{"level":"INFO","message":"[11:47:40.577 AM]: Easy Logging is disabled as no config has been found"}
{"level":"INFO","message":"[11:47:40.579 AM]: Connection[id: 30940abc-23c4-4f60-ad41-a4d64975c836] - connected successfully after 3.01 milliseconds"}
{"level":"INFO","message":"[11:47:40.586 AM]: Creating new connection object"}
{"level":"INFO","message":"[11:47:40.586 AM]: Creating Connection[id: a952f7d2-5679-4765-b0cd-39c71661261f] with host: TFLNRNC-FXB95084.snowflakecomputing.com, account: TFLNRNC-FXB95084, accessUrl: https://TFLNRNC-FXB95084.snowflakecomputing.com, user: SINAVAGHEFI, role: ACCOUNTADMIN, database: SUHANI_OCPP, schema: PUBLIC, warehouse: COMPUTE_WH, proxy was not configured, password is provided, region: undefined, authenticator: SNOWFLAKE, ocsp mode: FAIL_OPEN, os: darwin, os version: 25.0.0"}
{"level":"INFO","message":"[11:47:40.587 AM]: Connection[id: a952f7d2-5679-4765-b0cd-39c71661261f] additional details: passcode in password is provided, passcode is not provided, private key is not provided, application: undefined, client name: snowflake-sdk, client version: 2.3.1, retry timeout: 300, private key path: undefined, private key pass is not provided, client store temporary credential: false, browser response timeout: 120000"}
{"level":"INFO","message":"[11:47:40.587 AM]: Connection[id: a952f7d2-5679-4765-b0cd-39c71661261f] - connection object created successfully."}
{"level":"INFO","message":"[11:47:40.587 AM]: Connection[id: a952f7d2-5679-4765-b0cd-39c71661261f] - connecting. Associated Snowflake domain: GLOBAL"}
{"level":"INFO","message":"[11:47:40.587 AM]: Connection[id: a952f7d2-5679-4765-b0cd-39c71661261f] - authentication successful using: SNOWFLAKE"}
{"level":"INFO","message":"[11:47:40.587 AM]: Connection[id: a952f7d2-5679-4765-b0cd-39c71661261f] - connected successfully after 0.45 milliseconds"}
{"level":"INFO","message":"[12:00:12.011 PM]: Creating new connection object"}
{"level":"INFO","message":"[12:00:12.013 PM]: Creating Connection[id: 0d22f0a3-d16b-42c4-bfc7-b3daf4136189] with host: TFLNRNC-FXB95084.snowflakecomputing.com, account: TFLNRNC-FXB95084, accessUrl: https://TFLNRNC-FXB95084.snowflakecomputing.com, user: SINAVAGHEFI, role: ACCOUNTADMIN, database: SUHANI_OCPP, schema: PUBLIC, warehouse: COMPUTE_WH, proxy was not configured, password is provided, region: undefined, authenticator: SNOWFLAKE, ocsp mode: FAIL_OPEN, os: darwin, os version: 25.0.0"}
{"level":"INFO","message":"[12:00:12.013 PM]: Connection[id: 0d22f0a3-d16b-42c4-bfc7-b3daf4136189] additional details: passcode in password is provided, passcode is not provided, private key is not provided, application: undefined, client name: snowflake-sdk, client version: 2.3.1, retry timeout: 300, private key path: undefined, private key pass is not provided, client store temporary credential: false, browser response timeout: 120000"}
{"level":"INFO","message":"[12:00:12.013 PM]: Connection[id: 0d22f0a3-d16b-42c4-bfc7-b3daf4136189] - connection object created successfully."}
{"level":"INFO","message":"[12:00:12.013 PM]: Connection[id: 0d22f0a3-d16b-42c4-bfc7-b3daf4136189] - connecting. Associated Snowflake domain: GLOBAL"}
{"level":"INFO","message":"[12:00:12.013 PM]: Connection[id: 0d22f0a3-d16b-42c4-bfc7-b3daf4136189] - authentication successful using: SNOWFLAKE"}
{"level":"INFO","message":"[12:00:12.013 PM]: Trying to initialize Easy Logging"}
{"level":"INFO","message":"[12:00:12.014 PM]: No client config detected."}
{"level":"INFO","message":"[12:00:12.014 PM]: No config file path found. Client config will not be used."}
{"level":"INFO","message":"[12:00:12.014 PM]: Easy Logging is disabled as no config has been found"}
{"level":"INFO","message":"[12:00:12.015 PM]: Connection[id: 0d22f0a3-d16b-42c4-bfc7-b3daf4136189] - connected successfully after 2.25 milliseconds"}
{"level":"INFO","message":"[12:00:12.029 PM]: Creating new connection object"}
{"level":"INFO","message":"[12:00:12.030 PM]: Creating Connection[id: bb4f2555-d691-44dd-ab60-2183d81c6d90] with host: TFLNRNC-FXB95084.snowflakecomputing.com, account: TFLNRNC-FXB95084, accessUrl: https://TFLNRNC-FXB95084.snowflakecomputing.com, user: SINAVAGHEFI, role: ACCOUNTADMIN, database: SUHANI_OCPP, schema: PUBLIC, warehouse: COMPUTE_WH, proxy was not configured, password is provided, region: undefined, authenticator: SNOWFLAKE, ocsp mode: FAIL_OPEN, os: darwin, os version: 25.0.0"}
{"level":"INFO","message":"[12:00:12.030 PM]: Connection[id: bb4f2555-d691-44dd-ab60-2183d81c6d90] additional details: passcode in password is provided, passcode is not provided, private key is not provided, application: undefined, client name: snowflake-sdk, client version: 2.3.1, retry timeout: 300, private key path: undefined, private key pass is not provided, client store temporary credential: false, browser response timeout: 120000"}
{"level":"INFO","message":"[12:00:12.030 PM]: Connection[id: bb4f2555-d691-44dd-ab60-2183d81c6d90] - connection object created successfully."}
{"level":"INFO","message":"[12:00:12.030 PM]: Connection[id: bb4f2555-d691-44dd-ab60-2183d81c6d90] - connecting. Associated Snowflake domain: GLOBAL"}
{"level":"INFO","message":"[12:00:12.030 PM]: Connection[id: bb4f2555-d691-44dd-ab60-2183d81c6d90] - authentication successful using: SNOWFLAKE"}
{"level":"INFO","message":"[12:00:12.030 PM]: Connection[id: bb4f2555-d691-44dd-ab60-2183d81c6d90] - connected successfully after 0.32 milliseconds"}
{"level":"INFO","message":"[12:00:22.388 PM]: Creating new connection object"}
{"level":"INFO","message":"[12:00:22.389 PM]: Creating Connection[id: d0c8e5e8-2937-441c-80f5-86803cce0c01] with host: TFLNRNC-FXB95084.snowflakecomputing.com, account: TFLNRNC-FXB95084, accessUrl: https://TFLNRNC-FXB95084.snowflakecomputing.com, user: SINAVAGHEFI, role: ACCOUNTADMIN, database: SUHANI_OCPP, schema: PUBLIC, warehouse: COMPUTE_WH, proxy was not configured, password is provided, region: undefined, authenticator: SNOWFLAKE, ocsp mode: FAIL_OPEN, os: darwin, os version: 25.0.0"}
{"level":"INFO","message":"[12:00:22.389 PM]: Connection[id: d0c8e5e8-2937-441c-80f5-86803cce0c01] additional details: passcode in password is provided, passcode is not provided, private key is not provided, application: undefined, client name: snowflake-sdk, client version: 2.3.1, retry timeout: 300, private key path: undefined, private key pass is not provided, client store temporary credential: false, browser response timeout: 120000"}
{"level":"INFO","message":"[12:00:22.389 PM]: Connection[id: d0c8e5e8-2937-441c-80f5-86803cce0c01] - connection object created successfully."}
{"level":"INFO","message":"[12:00:22.390 PM]: Connection[id: d0c8e5e8-2937-441c-80f5-86803cce0c01] - connecting. Associated Snowflake domain: GLOBAL"}
{"level":"INFO","message":"[12:00:22.390 PM]: Connection[id: d0c8e5e8-2937-441c-80f5-86803cce0c01] - authentication successful using: SNOWFLAKE"}
{"level":"INFO","message":"[12:00:22.390 PM]: Trying to initialize Easy Logging"}
{"level":"INFO","message":"[12:00:22.390 PM]: No client config detected."}
{"level":"INFO","message":"[12:00:22.390 PM]: No config file path found. Client config will not be used."}
{"level":"INFO","message":"[12:00:22.390 PM]: Easy Logging is disabled as no config has been found"}
{"level":"INFO","message":"[12:00:22.391 PM]: Connection[id: d0c8e5e8-2937-441c-80f5-86803cce0c01] - connected successfully after 1.54 milliseconds"}
{"level":"INFO","message":"[12:00:22.400 PM]: Creating new connection object"}
{"level":"INFO","message":"[12:00:22.401 PM]: Creating Connection[id: 1b11d3d1-ce9c-4446-8fab-a1878b1cb036] with host: TFLNRNC-FXB95084.snowflakecomputing.com, account: TFLNRNC-FXB95084, accessUrl: https://TFLNRNC-FXB95084.snowflakecomputing.com, user: SINAVAGHEFI, role: ACCOUNTADMIN, database: SUHANI_OCPP, schema: PUBLIC, warehouse: COMPUTE_WH, proxy was not configured, password is provided, region: undefined, authenticator: SNOWFLAKE, ocsp mode: FAIL_OPEN, os: darwin, os version: 25.0.0"}
{"level":"INFO","message":"[12:00:22.401 PM]: Connection[id: 1b11d3d1-ce9c-4446-8fab-a1878b1cb036] additional details: passcode in password is provided, passcode is not provided, private key is not provided, application: undefined, client name: snowflake-sdk, client version: 2.3.1, retry timeout: 300, private key path: undefined, private key pass is not provided, client store temporary credential: false, browser response timeout: 120000"}
{"level":"INFO","message":"[12:00:22.401 PM]: Connection[id: 1b11d3d1-ce9c-4446-8fab-a1878b1cb036] - connection object created successfully."}
{"level":"INFO","message":"[12:00:22.401 PM]: Connection[id: 1b11d3d1-ce9c-4446-8fab-a1878b1cb036] - connecting. Associated Snowflake domain: GLOBAL"}
{"level":"INFO","message":"[12:00:22.401 PM]: Connection[id: 1b11d3d1-ce9c-4446-8fab-a1878b1cb036] - authentication successful using: SNOWFLAKE"}
{"level":"INFO","message":"[12:00:22.401 PM]: Connection[id: 1b11d3d1-ce9c-4446-8fab-a1878b1cb036] - connected successfully after 0.35 milliseconds"}
{"level":"INFO","message":"[12:00:44.104 PM]: Creating new connection object"}
{"level":"INFO","message":"[12:00:44.106 PM]: Creating Connection[id: 6c93148f-7d6f-431b-953b-3e63965e920a] with host: TFLNRNC-FXB95084.snowflakecomputing.com, account: TFLNRNC-FXB95084, accessUrl: https://TFLNRNC-FXB95084.snowflakecomputing.com, user: SINAVAGHEFI, role: ACCOUNTADMIN, database: SUHANI_OCPP, schema: PUBLIC, warehouse: COMPUTE_WH, proxy was not configured, password is provided, region: undefined, authenticator: SNOWFLAKE, ocsp mode: FAIL_OPEN, os: darwin, os version: 25.0.0"}
{"level":"INFO","message":"[12:00:44.106 PM]: Connection[id: 6c93148f-7d6f-431b-953b-3e63965e920a] additional details: passcode in password is provided, passcode is not provided, private key is not provided, application: undefined, client name: snowflake-sdk, client version: 2.3.1, retry timeout: 300, private key path: undefined, private key pass is not provided, client store temporary credential: false, browser response timeout: 120000"}
{"level":"INFO","message":"[12:00:44.106 PM]: Connection[id: 6c93148f-7d6f-431b-953b-3e63965e920a] - connection object created successfully."}
{"level":"INFO","message":"[12:00:44.107 PM]: Connection[id: 6c93148f-7d6f-431b-953b-3e63965e920a] - connecting. Associated Snowflake domain: GLOBAL"}
{"level":"INFO","message":"[12:00:44.107 PM]: Connection[id: 6c93148f-7d6f-431b-953b-3e63965e920a] - authentication successful using: SNOWFLAKE"}
{"level":"INFO","message":"[12:00:44.107 PM]: Trying to initialize Easy Logging"}
{"level":"INFO","message":"[12:00:44.108 PM]: No client config detected."}
{"level":"INFO","message":"[12:00:44.108 PM]: No config file path found. Client config will not be used."}
{"level":"INFO","message":"[12:00:44.108 PM]: Easy Logging is disabled as no config has been found"}
{"level":"INFO","message":"[12:00:44.109 PM]: Connection[id: 6c93148f-7d6f-431b-953b-3e63965e920a] - connected successfully after 1.74 milliseconds"}
{"level":"INFO","message":"[12:00:44.112 PM]: Creating new connection object"}
{"level":"INFO","message":"[12:00:44.112 PM]: Creating Connection[id: 05b208f1-965a-4782-b17b-5c4c50d87956] with host: TFLNRNC-FXB95084.snowflakecomputing.com, account: TFLNRNC-FXB95084, accessUrl: https://TFLNRNC-FXB95084.snowflakecomputing.com, user: SINAVAGHEFI, role: ACCOUNTADMIN, database: SUHANI_OCPP, schema: PUBLIC, warehouse: COMPUTE_WH, proxy was not configured, password is provided, region: undefined, authenticator: SNOWFLAKE, ocsp mode: FAIL_OPEN, os: darwin, os version: 25.0.0"}
{"level":"INFO","message":"[12:00:44.112 PM]: Connection[id: 05b208f1-965a-4782-b17b-5c4c50d87956] additional details: passcode in password is provided, passcode is not provided, private key is not provided, application: undefined, client name: snowflake-sdk, client version: 2.3.1, retry timeout: 300, private key path: undefined, private key pass is not provided, client store temporary credential: false, browser response timeout: 120000"}
{"level":"INFO","message":"[12:00:44.112 PM]: Connection[id: 05b208f1-965a-4782-b17b-5c4c50d87956] - connection object created successfully."}
{"level":"INFO","message":"[12:00:44.112 PM]: Connection[id: 05b208f1-965a-4782-b17b-5c4c50d87956] - connecting. Associated Snowflake domain: GLOBAL"}
{"level":"INFO","message":"[12:00:44.112 PM]: Connection[id: 05b208f1-965a-4782-b17b-5c4c50d87956] - authentication successful using: SNOWFLAKE"}
{"level":"INFO","message":"[12:00:44.113 PM]: Connection[id: 05b208f1-965a-4782-b17b-5c4c50d87956] - connected successfully after 0.45 milliseconds"}
{"level":"INFO","message":"[12:05:46.835 PM]: Creating new connection object"}
{"level":"INFO","message":"[12:05:46.840 PM]: Creating Connection[id: 359242e5-157e-47db-a70a-446e1f9450f1] with host: TFLNRNC-FXB95084.snowflakecomputing.com, account: TFLNRNC-FXB95084, accessUrl: https://TFLNRNC-FXB95084.snowflakecomputing.com, user: SINAVAGHEFI, role: ACCOUNTADMIN, database: SUHANI_OCPP, schema: PUBLIC, warehouse: COMPUTE_WH, proxy was not configured, password is provided, region: undefined, authenticator: SNOWFLAKE, ocsp mode: FAIL_OPEN, os: darwin, os version: 25.0.0"}
{"level":"INFO","message":"[12:05:46.841 PM]: Connection[id: 359242e5-157e-47db-a70a-446e1f9450f1] additional details: passcode in password is provided, passcode is not provided, private key is not provided, application: undefined, client name: snowflake-sdk, client version: 2.3.1, retry timeout: 300, private key path: undefined, private key pass is not provided, client store temporary credential: false, browser response timeout: 120000"}
{"level":"INFO","message":"[12:05:46.841 PM]: Connection[id: 359242e5-157e-47db-a70a-446e1f9450f1] - connection object created successfully."}
{"level":"INFO","message":"[12:05:46.841 PM]: Connection[id: 359242e5-157e-47db-a70a-446e1f9450f1] - connecting. Associated Snowflake domain: GLOBAL"}
{"level":"INFO","message":"[12:05:46.841 PM]: Connection[id: 359242e5-157e-47db-a70a-446e1f9450f1] - authentication successful using: SNOWFLAKE"}
{"level":"INFO","message":"[12:05:46.842 PM]: Trying to initialize Easy Logging"}
{"level":"INFO","message":"[12:05:46.843 PM]: No client config detected."}
{"level":"INFO","message":"[12:05:46.843 PM]: No config file path found. Client config will not be used."}
{"level":"INFO","message":"[12:05:46.843 PM]: Easy Logging is disabled as no config has been found"}
{"level":"INFO","message":"[12:05:46.845 PM]: Connection[id: 359242e5-157e-47db-a70a-446e1f9450f1] - connected successfully after 3.61 milliseconds"}
{"level":"INFO","message":"[12:05:46.852 PM]: Creating new connection object"}
{"level":"INFO","message":"[12:05:46.853 PM]: Creating Connection[id: 9b32a8a0-d87f-41dd-a4d0-3fd6e1d8c2d7] with host: TFLNRNC-FXB95084.snowflakecomputing.com, account: TFLNRNC-FXB95084, accessUrl: https://TFLNRNC-FXB95084.snowflakecomputing.com, user: SINAVAGHEFI, role: ACCOUNTADMIN, database: SUHANI_OCPP, schema: PUBLIC, warehouse: COMPUTE_WH, proxy was not configured, password is provided, region: undefined, authenticator: SNOWFLAKE, ocsp mode: FAIL_OPEN, os: darwin, os version: 25.0.0"}
{"level":"INFO","message":"[12:05:46.853 PM]: Connection[id: 9b32a8a0-d87f-41dd-a4d0-3fd6e1d8c2d7] additional details: passcode in password is provided, passcode is not provided, private key is not provided, application: undefined, client name: snowflake-sdk, client version: 2.3.1, retry timeout: 300, private key path: undefined, private key pass is not provided, client store temporary credential: false, browser response timeout: 120000"}
{"level":"INFO","message":"[12:05:46.853 PM]: Connection[id: 9b32a8a0-d87f-41dd-a4d0-3fd6e1d8c2d7] - connection object created successfully."}
{"level":"INFO","message":"[12:05:46.853 PM]: Connection[id: 9b32a8a0-d87f-41dd-a4d0-3fd6e1d8c2d7] - connecting. Associated Snowflake domain: GLOBAL"}
{"level":"INFO","message":"[12:05:46.853 PM]: Connection[id: 9b32a8a0-d87f-41dd-a4d0-3fd6e1d8c2d7] - authentication successful using: SNOWFLAKE"}
{"level":"INFO","message":"[12:05:46.855 PM]: Connection[id: 9b32a8a0-d87f-41dd-a4d0-3fd6e1d8c2d7] - connected successfully after 2.26 milliseconds"}
{"level":"INFO","message":"[12:50:29.888 PM]: Creating new connection object"}
{"level":"INFO","message":"[12:50:29.893 PM]: Creating Connection[id: 641b0826-820c-4efc-a02a-fae2db34012e] with host: TFLNRNC-FXB95084.snowflakecomputing.com, account: TFLNRNC-FXB95084, accessUrl: https://TFLNRNC-FXB95084.snowflakecomputing.com, user: SINAVAGHEFI, role: ACCOUNTADMIN, database: SUHANI_OCPP, schema: PUBLIC, warehouse: COMPUTE_WH, proxy was not configured, password is provided, region: undefined, authenticator: SNOWFLAKE, ocsp mode: FAIL_OPEN, os: darwin, os version: 25.0.0"}
{"level":"INFO","message":"[12:50:29.893 PM]: Connection[id: 641b0826-820c-4efc-a02a-fae2db34012e] additional details: passcode in password is provided, passcode is not provided, private key is not provided, application: undefined, client name: snowflake-sdk, client version: 2.3.1, retry timeout: 300, private key path: undefined, private key pass is not provided, client store temporary credential: false, browser response timeout: 120000"}
{"level":"INFO","message":"[12:50:29.893 PM]: Connection[id: 641b0826-820c-4efc-a02a-fae2db34012e] - connection object created successfully."}
{"level":"INFO","message":"[12:50:29.893 PM]: Connection[id: 641b0826-820c-4efc-a02a-fae2db34012e] - connecting. Associated Snowflake domain: GLOBAL"}
{"level":"INFO","message":"[12:50:29.894 PM]: Connection[id: 641b0826-820c-4efc-a02a-fae2db34012e] - authentication successful using: SNOWFLAKE"}
{"level":"INFO","message":"[12:50:29.894 PM]: Trying to initialize Easy Logging"}
{"level":"INFO","message":"[12:50:29.894 PM]: No client config detected."}
{"level":"INFO","message":"[12:50:29.895 PM]: No config file path found. Client config will not be used."}
{"level":"INFO","message":"[12:50:29.895 PM]: Easy Logging is disabled as no config has been found"}
{"level":"INFO","message":"[12:50:29.896 PM]: Connection[id: 641b0826-820c-4efc-a02a-fae2db34012e] - connected successfully after 2.92 milliseconds"}
{"level":"INFO","message":"[12:50:30.087 PM]: Creating new connection object"}
{"level":"INFO","message":"[12:50:30.088 PM]: Creating Connection[id: aba2fb5f-f0a9-41c8-8b83-9f96569c9985] with host: TFLNRNC-FXB95084.snowflakecomputing.com, account: TFLNRNC-FXB95084, accessUrl: https://TFLNRNC-FXB95084.snowflakecomputing.com, user: SINAVAGHEFI, role: ACCOUNTADMIN, database: SUHANI_OCPP, schema: PUBLIC, warehouse: COMPUTE_WH, proxy was not configured, password is provided, region: undefined, authenticator: SNOWFLAKE, ocsp mode: FAIL_OPEN, os: darwin, os version: 25.0.0"}
{"level":"INFO","message":"[12:50:30.089 PM]: Connection[id: aba2fb5f-f0a9-41c8-8b83-9f96569c9985] additional details: passcode in password is provided, passcode is not provided, private key is not provided, application: undefined, client name: snowflake-sdk, client version: 2.3.1, retry timeout: 300, private key path: undefined, private key pass is not provided, client store temporary credential: false, browser response timeout: 120000"}
{"level":"INFO","message":"[12:50:30.089 PM]: Connection[id: aba2fb5f-f0a9-41c8-8b83-9f96569c9985] - connection object created successfully."}
{"level":"INFO","message":"[12:50:30.089 PM]: Connection[id: aba2fb5f-f0a9-41c8-8b83-9f96569c9985] - connecting. Associated Snowflake domain: GLOBAL"}
{"level":"INFO","message":"[12:50:30.089 PM]: Connection[id: aba2fb5f-f0a9-41c8-8b83-9f96569c9985] - authentication successful using: SNOWFLAKE"}
{"level":"INFO","message":"[12:50:30.090 PM]: Connection[id: aba2fb5f-f0a9-41c8-8b83-9f96569c9985] - connected successfully after 0.69 milliseconds"}
{"level":"INFO","message":"[12:50:32.917 PM]: Creating new connection object"}
{"level":"INFO","message":"[12:50:32.922 PM]: Creating Connection[id: 94de233e-3043-4a94-8f24-32ba4261e2e6] with host: TFLNRNC-FXB95084.snowflakecomputing.com, account: TFLNRNC-FXB95084, accessUrl: https://TFLNRNC-FXB95084.snowflakecomputing.com, user: SINAVAGHEFI, role: ACCOUNTADMIN, database: SUHANI_OCPP, schema: PUBLIC, warehouse: COMPUTE_WH, proxy was not configured, password is provided, region: undefined, authenticator: SNOWFLAKE, ocsp mode: FAIL_OPEN, os: darwin, os version: 25.0.0"}
{"level":"INFO","message":"[12:50:32.922 PM]: Connection[id: 94de233e-3043-4a94-8f24-32ba4261e2e6] additional details: passcode in password is provided, passcode is not provided, private key is not provided, application: undefined, client name: snowflake-sdk, client version: 2.3.1, retry timeout: 300, private key path: undefined, private key pass is not provided, client store temporary credential: false, browser response timeout: 120000"}
{"level":"INFO","message":"[12:50:32.922 PM]: Connection[id: 94de233e-3043-4a94-8f24-32ba4261e2e6] - connection object created successfully."}
{"level":"INFO","message":"[12:50:32.922 PM]: Connection[id: 94de233e-3043-4a94-8f24-32ba4261e2e6] - connecting. Associated Snowflake domain: GLOBAL"}
{"level":"INFO","message":"[12:50:32.922 PM]: Connection[id: 94de233e-3043-4a94-8f24-32ba4261e2e6] - authentication successful using: SNOWFLAKE"}
{"level":"INFO","message":"[12:50:32.923 PM]: Trying to initialize Easy Logging"}
{"level":"INFO","message":"[12:50:32.924 PM]: No client config detected."}
{"level":"INFO","message":"[12:50:32.924 PM]: No config file path found. Client config will not be used."}
{"level":"INFO","message":"[12:50:32.924 PM]: Easy Logging is disabled as no config has been found"}
{"level":"INFO","message":"[12:50:32.925 PM]: Connection[id: 94de233e-3043-4a94-8f24-32ba4261e2e6] - connected successfully after 2.94 milliseconds"}
{"level":"INFO","message":"[12:50:32.929 PM]: Creating new connection object"}
{"level":"INFO","message":"[12:50:32.930 PM]: Creating Connection[id: c84bb522-6397-4286-95c6-926429de5cb1] with host: TFLNRNC-FXB95084.snowflakecomputing.com, account: TFLNRNC-FXB95084, accessUrl: https://TFLNRNC-FXB95084.snowflakecomputing.com, user: SINAVAGHEFI, role: ACCOUNTADMIN, database: SUHANI_OCPP, schema: PUBLIC, warehouse: COMPUTE_WH, proxy was not configured, password is provided, region: undefined, authenticator: SNOWFLAKE, ocsp mode: FAIL_OPEN, os: darwin, os version: 25.0.0"}
{"level":"INFO","message":"[12:50:32.930 PM]: Connection[id: c84bb522-6397-4286-95c6-926429de5cb1] additional details: passcode in password is provided, passcode is not provided, private key is not provided, application: undefined, client name: snowflake-sdk, client version: 2.3.1, retry timeout: 300, private key path: undefined, private key pass is not provided, client store temporary credential: false, browser response timeout: 120000"}
{"level":"INFO","message":"[12:50:32.930 PM]: Connection[id: c84bb522-6397-4286-95c6-926429de5cb1] - connection object created successfully."}
{"level":"INFO","message":"[12:50:32.930 PM]: Connection[id: c84bb522-6397-4286-95c6-926429de5cb1] - connecting. Associated Snowflake domain: GLOBAL"}
{"level":"INFO","message":"[12:50:32.930 PM]: Connection[id: c84bb522-6397-4286-95c6-926429de5cb1] - authentication successful using: SNOWFLAKE"}
{"level":"INFO","message":"[12:50:32.930 PM]: Connection[id: c84bb522-6397-4286-95c6-926429de5cb1] - connected successfully after 0.38 milliseconds"}
{"level":"INFO","message":"[12:50:33.902 PM]: Creating new connection object"}
{"level":"INFO","message":"[12:50:33.904 PM]: Creating Connection[id: 4899cdae-9ae0-4425-93b0-9fff2092662b] with host: TFLNRNC-FXB95084.snowflakecomputing.com, account: TFLNRNC-FXB95084, accessUrl: https://TFLNRNC-FXB95084.snowflakecomputing.com, user: SINAVAGHEFI, role: ACCOUNTADMIN, database: SUHANI_OCPP, schema: PUBLIC, warehouse: COMPUTE_WH, proxy was not configured, password is provided, region: undefined, authenticator: SNOWFLAKE, ocsp mode: FAIL_OPEN, os: darwin, os version: 25.0.0"}
{"level":"INFO","message":"[12:50:33.904 PM]: Connection[id: 4899cdae-9ae0-4425-93b0-9fff2092662b] additional details: passcode in password is provided, passcode is not provided, private key is not provided, application: undefined, client name: snowflake-sdk, client version: 2.3.1, retry timeout: 300, private key path: undefined, private key pass is not provided, client store temporary credential: false, browser response timeout: 120000"}
{"level":"INFO","message":"[12:50:33.904 PM]: Connection[id: 4899cdae-9ae0-4425-93b0-9fff2092662b] - connection object created successfully."}
{"level":"INFO","message":"[12:50:33.904 PM]: Connection[id: 4899cdae-9ae0-4425-93b0-9fff2092662b] - connecting. Associated Snowflake domain: GLOBAL"}
{"level":"INFO","message":"[12:50:33.904 PM]: Connection[id: 4899cdae-9ae0-4425-93b0-9fff2092662b] - authentication successful using: SNOWFLAKE"}
{"level":"INFO","message":"[12:50:33.904 PM]: Trying to initialize Easy Logging"}
{"level":"INFO","message":"[12:50:33.904 PM]: No client config detected."}
{"level":"INFO","message":"[12:50:33.904 PM]: No config file path found. Client config will not be used."}
{"level":"INFO","message":"[12:50:33.905 PM]: Easy Logging is disabled as no config has been found"}
{"level":"INFO","message":"[12:50:33.905 PM]: Connection[id: 4899cdae-9ae0-4425-93b0-9fff2092662b] - connected successfully after 1 milliseconds"}
{"level":"INFO","message":"[12:50:33.907 PM]: Creating new connection object"}
{"level":"INFO","message":"[12:50:33.908 PM]: Creating Connection[id: 180e4c23-9ced-4dbe-aa64-0e2a63a17ebe] with host: TFLNRNC-FXB95084.snowflakecomputing.com, account: TFLNRNC-FXB95084, accessUrl: https://TFLNRNC-FXB95084.snowflakecomputing.com, user: SINAVAGHEFI, role: ACCOUNTADMIN, database: SUHANI_OCPP, schema: PUBLIC, warehouse: COMPUTE_WH, proxy was not configured, password is provided, region: undefined, authenticator: SNOWFLAKE, ocsp mode: FAIL_OPEN, os: darwin, os version: 25.0.0"}
{"level":"INFO","message":"[12:50:33.908 PM]: Connection[id: 180e4c23-9ced-4dbe-aa64-0e2a63a17ebe] additional details: passcode in password is provided, passcode is not provided, private key is not provided, application: undefined, client name: snowflake-sdk, client version: 2.3.1, retry timeout: 300, private key path: undefined, private key pass is not provided, client store temporary credential: false, browser response timeout: 120000"}
{"level":"INFO","message":"[12:50:33.908 PM]: Connection[id: 180e4c23-9ced-4dbe-aa64-0e2a63a17ebe] - connection object created successfully."}
{"level":"INFO","message":"[12:50:33.908 PM]: Connection[id: 180e4c23-9ced-4dbe-aa64-0e2a63a17ebe] - connecting. Associated Snowflake domain: GLOBAL"}
{"level":"INFO","message":"[12:50:33.908 PM]: Connection[id: 180e4c23-9ced-4dbe-aa64-0e2a63a17ebe] - authentication successful using: SNOWFLAKE"}
{"level":"INFO","message":"[12:50:33.908 PM]: Connection[id: 180e4c23-9ced-4dbe-aa64-0e2a63a17ebe] - connected successfully after 0.26 milliseconds"}
{"level":"INFO","message":"[12:50:36.613 PM]: Creating new connection object"}
{"level":"INFO","message":"[12:50:36.614 PM]: Creating Connection[id: c37c2d6d-9c68-4e1e-b77a-bc38b5552da1] with host: TFLNRNC-FXB95084.snowflakecomputing.com, account: TFLNRNC-FXB95084, accessUrl: https://TFLNRNC-FXB95084.snowflakecomputing.com, user: SINAVAGHEFI, role: ACCOUNTADMIN, database: SUHANI_OCPP, schema: PUBLIC, warehouse: COMPUTE_WH, proxy was not configured, password is provided, region: undefined, authenticator: SNOWFLAKE, ocsp mode: FAIL_OPEN, os: darwin, os version: 25.0.0"}
{"level":"INFO","message":"[12:50:36.614 PM]: Connection[id: c37c2d6d-9c68-4e1e-b77a-bc38b5552da1] additional details: passcode in password is provided, passcode is not provided, private key is not provided, application: undefined, client name: snowflake-sdk, client version: 2.3.1, retry timeout: 300, private key path: undefined, private key pass is not provided, client store temporary credential: false, browser response timeout: 120000"}
{"level":"INFO","message":"[12:50:36.614 PM]: Connection[id: c37c2d6d-9c68-4e1e-b77a-bc38b5552da1] - connection object created successfully."}
{"level":"INFO","message":"[12:50:36.614 PM]: Connection[id: c37c2d6d-9c68-4e1e-b77a-bc38b5552da1] - connecting. Associated Snowflake domain: GLOBAL"}
{"level":"INFO","message":"[12:50:36.614 PM]: Connection[id: c37c2d6d-9c68-4e1e-b77a-bc38b5552da1] - authentication successful using: SNOWFLAKE"}
{"level":"INFO","message":"[12:50:36.615 PM]: Trying to initialize Easy Logging"}
{"level":"INFO","message":"[12:50:36.619 PM]: No client config detected."}
{"level":"INFO","message":"[12:50:36.619 PM]: No config file path found. Client config will not be used."}
{"level":"INFO","message":"[12:50:36.619 PM]: Easy Logging is disabled as no config has been found"}
{"level":"INFO","message":"[12:50:36.620 PM]: Connection[id: c37c2d6d-9c68-4e1e-b77a-bc38b5552da1] - connected successfully after 5.41 milliseconds"}
{"level":"INFO","message":"[12:50:36.623 PM]: Creating new connection object"}
{"level":"INFO","message":"[12:50:36.623 PM]: Creating Connection[id: 4bf256d2-b489-454d-9387-f43f13daa928] with host: TFLNRNC-FXB95084.snowflakecomputing.com, account: TFLNRNC-FXB95084, accessUrl: https://TFLNRNC-FXB95084.snowflakecomputing.com, user: SINAVAGHEFI, role: ACCOUNTADMIN, database: SUHANI_OCPP, schema: PUBLIC, warehouse: COMPUTE_WH, proxy was not configured, password is provided, region: undefined, authenticator: SNOWFLAKE, ocsp mode: FAIL_OPEN, os: darwin, os version: 25.0.0"}
{"level":"INFO","message":"[12:50:36.623 PM]: Connection[id: 4bf256d2-b489-454d-9387-f43f13daa928] additional details: passcode in password is provided, passcode is not provided, private key is not provided, application: undefined, client name: snowflake-sdk, client version: 2.3.1, retry timeout: 300, private key path: undefined, private key pass is not provided, client store temporary credential: false, browser response timeout: 120000"}
{"level":"INFO","message":"[12:50:36.623 PM]: Connection[id: 4bf256d2-b489-454d-9387-f43f13daa928] - connection object created successfully."}
{"level":"INFO","message":"[12:50:36.623 PM]: Connection[id: 4bf256d2-b489-454d-9387-f43f13daa928] - connecting. Associated Snowflake domain: GLOBAL"}
{"level":"INFO","message":"[12:50:36.624 PM]: Connection[id: 4bf256d2-b489-454d-9387-f43f13daa928] - authentication successful using: SNOWFLAKE"}
{"level":"INFO","message":"[12:50:36.624 PM]: Connection[id: 4bf256d2-b489-454d-9387-f43f13daa928] - connected successfully after 0.7 milliseconds"}
